This is pdfTeX, Version 3.14159265-2.6-1.40.15 (TeX Live 2014) (preloaded format=pdflatex 2014.5.25)  27 MAY 2016 14:01
entering extended mode
 restricted \write18 enabled.
 %&-line parsing enabled.
**cv_en_american.tex
(./cv_en_american.tex
LaTeX2e <2014/05/01>
Babel <3.9k> and hyphenation patterns for 78 languages loaded.
(/usr/local/texlive/2014/texmf-dist/tex/latex/base/article.cls
Document Class: article 2007/10/19 v1.4h Standard LaTeX document class
(/usr/local/texlive/2014/texmf-dist/tex/latex/base/size11.clo
File: size11.clo 2007/10/19 v1.4h Standard LaTeX file (size option)
)
\c@part=\count79
\c@section=\count80
\c@subsection=\count81
\c@subsubsection=\count82
\c@paragraph=\count83
\c@subparagraph=\count84
\c@figure=\count85
\c@table=\count86
\abovecaptionskip=\skip41
\belowcaptionskip=\skip42
\bibindent=\dimen102
)
\outerbordwidth=\skip43

(/usr/local/texlive/2014/texmf-dist/tex/latex/xcolor/xcolor.sty
Package: xcolor 2007/01/21 v2.11 LaTeX color extensions (UK)

(/usr/local/texlive/2014/texmf-dist/tex/latex/latexconfig/color.cfg
File: color.cfg 2007/01/18 v1.5 color configuration of teTeX/TeXLive
)
Package xcolor Info: Driver file: pdftex.def on input line 225.

(/usr/local/texlive/2014/texmf-dist/tex/latex/pdftex-def/pdftex.def
File: pdftex.def 2011/05/27 v0.06d Graphics/color for pdfTeX

(/usr/local/texlive/2014/texmf-dist/tex/generic/oberdiek/infwarerr.sty
Package: infwarerr 2010/04/08 v1.3 Providing info/warning/error messages (HO)
)
(/usr/local/texlive/2014/texmf-dist/tex/generic/oberdiek/ltxcmds.sty
Package: ltxcmds 2011/11/09 v1.22 LaTeX kernel commands for general use (HO)
)
\Gread@gobject=\count87
)
Package xcolor Info: Model `cmy' substituted by `cmy0' on input line 1337.
Package xcolor Info: Model `hsb' substituted by `rgb' on input line 1341.
Package xcolor Info: Model `RGB' extended on input line 1353.
Package xcolor Info: Model `HTML' substituted by `rgb' on input line 1355.
Package xcolor Info: Model `Hsb' substituted by `hsb' on input line 1356.
Package xcolor Info: Model `tHsb' substituted by `hsb' on input line 1357.
Package xcolor Info: Model `HSB' substituted by `hsb' on input line 1358.
Package xcolor Info: Model `Gray' substituted by `gray' on input line 1359.
Package xcolor Info: Model `wave' substituted by `hsb' on input line 1360.

(/usr/local/texlive/2014/texmf-dist/tex/latex/xcolor/svgnam.def
File: svgnam.def 2007/01/21 v2.11 Predefined colors according to SVG 1.1 (UK)
))
(/usr/local/texlive/2014/texmf-dist/tex/latex/framed/framed.sty
Package: framed 2011/10/22 v 0.96: framed or shaded text with page breaks
\OuterFrameSep=\skip44
\fb@frw=\dimen103
\fb@frh=\dimen104
\FrameRule=\dimen105
\FrameSep=\dimen106
)
(/usr/local/texlive/2014/texmf-dist/tex/latex/tocloft/tocloft.sty
Package: tocloft 2013/05/02 v2.3f parameterised ToC, etc., typesetting
Package tocloft Info: The document has section divisions on input line 44.
\cftparskip=\skip45
\cftbeforetoctitleskip=\skip46
\cftaftertoctitleskip=\skip47
\cftbeforepartskip=\skip48
\cftpartnumwidth=\skip49
\cftpartindent=\skip50
\cftbeforesecskip=\skip51
\cftsecindent=\skip52
\cftsecnumwidth=\skip53
\cftbeforesubsecskip=\skip54
\cftsubsecindent=\skip55
\cftsubsecnumwidth=\skip56
\cftbeforesubsubsecskip=\skip57
\cftsubsubsecindent=\skip58
\cftsubsubsecnumwidth=\skip59
\cftbeforeparaskip=\skip60
\cftparaindent=\skip61
\cftparanumwidth=\skip62
\cftbeforesubparaskip=\skip63
\cftsubparaindent=\skip64
\cftsubparanumwidth=\skip65
\cftbeforeloftitleskip=\skip66
\cftafterloftitleskip=\skip67
\cftbeforefigskip=\skip68
\cftfigindent=\skip69
\cftfignumwidth=\skip70
\c@lofdepth=\count88
\c@lotdepth=\count89
\cftbeforelottitleskip=\skip71
\cftafterlottitleskip=\skip72
\cftbeforetabskip=\skip73
\cfttabindent=\skip74
\cfttabnumwidth=\skip75
)
(/usr/local/texlive/2014/texmf-dist/tex/latex/tools/multicol.sty
Package: multicol 2014/04/23 v1.8e multicolumn formatting (FMi)
\c@tracingmulticols=\count90
\mult@box=\box26
\multicol@leftmargin=\dimen107
\c@unbalance=\count91
\c@collectmore=\count92
\doublecol@number=\count93
\multicoltolerance=\count94
\multicolpretolerance=\count95
\full@width=\dimen108
\page@free=\dimen109
\premulticols=\dimen110
\postmulticols=\dimen111
\multicolsep=\skip76
\multicolbaselineskip=\skip77
\partial@page=\box27
\last@line=\box28
\maxbalancingoverflow=\dimen112
\mult@rightbox=\box29
\mult@grightbox=\box30
\mult@gfirstbox=\box31
\mult@firstbox=\box32
\@tempa=\box33
\@tempa=\box34
\@tempa=\box35
\@tempa=\box36
\@tempa=\box37
\@tempa=\box38
\@tempa=\box39
\@tempa=\box40
\@tempa=\box41
\@tempa=\box42
\@tempa=\box43
\@tempa=\box44
\@tempa=\box45
\@tempa=\box46
\@tempa=\box47
\@tempa=\box48
\@tempa=\box49
\c@columnbadness=\count96
\c@finalcolumnbadness=\count97
\last@try=\dimen113
\multicolovershoot=\dimen114
\multicolundershoot=\dimen115
\mult@nat@firstbox=\box50
\colbreak@box=\box51
\mc@col@check@num=\count98
)
(./cv_en_american.aux)
\openout1 = `cv_en_american.aux'.

LaTeX Font Info:    Checking defaults for OML/cmm/m/it on input line 61.
LaTeX Font Info:    ... okay on input line 61.
LaTeX Font Info:    Checking defaults for T1/cmr/m/n on input line 61.
LaTeX Font Info:    ... okay on input line 61.
LaTeX Font Info:    Checking defaults for OT1/cmr/m/n on input line 61.
LaTeX Font Info:    ... okay on input line 61.
LaTeX Font Info:    Checking defaults for OMS/cmsy/m/n on input line 61.
LaTeX Font Info:    ... okay on input line 61.
LaTeX Font Info:    Checking defaults for OMX/cmex/m/n on input line 61.
LaTeX Font Info:    ... okay on input line 61.
LaTeX Font Info:    Checking defaults for U/cmr/m/n on input line 61.
LaTeX Font Info:    ... okay on input line 61.

(/usr/local/texlive/2014/texmf-dist/tex/context/base/supp-pdf.mkii
[Loading MPS to PDF converter (version 2006.09.02).]
\scratchcounter=\count99
\scratchdimen=\dimen116
\scratchbox=\box52
\nofMPsegments=\count100
\nofMParguments=\count101
\everyMPshowfont=\toks14
\MPscratchCnt=\count102
\MPscratchDim=\dimen117
\MPnumerator=\count103
\makeMPintoPDFobject=\count104
\everyMPtoPDFconversion=\toks15
)
LaTeX Font Info:    External font `cmex10' loaded for size
(Font)              <10.95> on input line 63.
LaTeX Font Info:    External font `cmex10' loaded for size
(Font)              <8> on input line 63.
LaTeX Font Info:    External font `cmex10' loaded for size
(Font)              <6> on input line 63.
LaTeX Font Info:    Try loading font information for OMS+cmr on input line 86.
 (/usr/local/texlive/2014/texmf-dist/tex/latex/base/omscmr.fd
File: omscmr.fd 1999/05/25 v2.5h Standard LaTeX font definitions
)
LaTeX Font Info:    Font shape `OMS/cmr/m/n' in size <10.95> not available
(Font)              Font shape `OMS/cmsy/m/n' tried instead on input line 86.

! Undefined control sequence.
\cftdotfill #1->\def \@tempa {#1}\def \@tempb 
                                              {\cftnodots }\ifx \@tempa \@te...
l.86 ...st at Lyft}{San Francisco}{}{2014-current}
                                                  
? 
! Missing control sequence inserted.
<inserted text> 
                \inaccessible 
l.86 ...st at Lyft}{San Francisco}{}{2014-current}
                                                  
? 
! Missing control sequence inserted.
<inserted text> 
                \inaccessible 
l.86 ...st at Lyft}{San Francisco}{}{2014-current}
                                                  
? 
! Undefined control sequence.
\cftdotfill #1->\def \@tempa {#1}\def \@tempb 
                                              {\cftnodots }\ifx \@tempa \@te...
l.98 ...ern at Lyft}{San Francisco}{}{Summer 2013}
                                                  
? 
! Missing control sequence inserted.
<inserted text> 
                \inaccessible 
l.98 ...ern at Lyft}{San Francisco}{}{Summer 2013}
                                                  
? 
! Missing control sequence inserted.
<inserted text> 
                \inaccessible 
l.98 ...ern at Lyft}{San Francisco}{}{Summer 2013}
                                                  
? 
! Undefined control sequence.
\cftdotfill #1->\def \@tempa {#1}\def \@tempb 
                                              {\cftnodots }\ifx \@tempa \@te...
l.106 ...}{Department of Computing}{}{2013 - 2014}
                                                  
? 
! Missing control sequence inserted.
<inserted text> 
                \inaccessible 
l.106 ...}{Department of Computing}{}{2013 - 2014}
                                                  
? 
! Missing control sequence inserted.
<inserted text> 
                \inaccessible 
l.106 ...}{Department of Computing}{}{2013 - 2014}
                                                  
? 
! Undefined control sequence.
\cftdotfill #1->\def \@tempa {#1}\def \@tempb 
                                              {\cftnodots }\ifx \@tempa \@te...
l.116 ...Computer Science Department}{}{June 2012}
                                                  
? 
! Missing control sequence inserted.
<inserted text> 
                \inaccessible 
l.116 ...Computer Science Department}{}{June 2012}
                                                  
? 
! Missing control sequence inserted.
<inserted text> 
                \inaccessible 
l.116 ...Computer Science Department}{}{June 2012}
                                                  
? 
! Undefined control sequence.
\cftdotfill #1->\def \@tempa {#1}\def \@tempb 
                                              {\cftnodots }\ifx \@tempa \@te...
l.123 ...and Technology Center (ESTEC)}{July 2012}
                                                  
? 
! Missing control sequence inserted.
<inserted text> 
                \inaccessible 
l.123 ...and Technology Center (ESTEC)}{July 2012}
                                                  
? 
! Missing control sequence inserted.
<inserted text> 
                \inaccessible 
l.123 ...and Technology Center (ESTEC)}{July 2012}
                                                  
? 
[1

{/usr/local/texlive/2014/texmf-var/fonts/map/pdftex/updmap/pdftex.map}]
! Undefined control sequence.
\cftdotfill #1->\def \@tempa {#1}\def \@tempb 
                                              {\cftnodots }\ifx \@tempa \@te...
l.139 ...ience in Advanced Computing}{2013 - 2014}
                                                  
? 
! Missing control sequence inserted.
<inserted text> 
                \inaccessible 
l.139 ...ience in Advanced Computing}{2013 - 2014}
                                                  
? 
! Missing control sequence inserted.
<inserted text> 
                \inaccessible 
l.139 ...ience in Advanced Computing}{2013 - 2014}
                                                  
? 
! Undefined control sequence.
\cftdotfill #1->\def \@tempa {#1}\def \@tempb 
                                              {\cftnodots }\ifx \@tempa \@te...
l.142 ...e}{Supaero Graduate Program}{2011 - 2014}
                                                  
? 
! Missing control sequence inserted.
<inserted text> 
                \inaccessible 
l.142 ...e}{Supaero Graduate Program}{2011 - 2014}
                                                  
? 
! Missing control sequence inserted.
<inserted text> 
                \inaccessible 
l.142 ...e}{Supaero Graduate Program}{2011 - 2014}
                                                  
? 
! Undefined control sequence.
\cftdotfill #1->\def \@tempa {#1}\def \@tempb 
                                              {\cftnodots }\ifx \@tempa \@te...
l.149 ...Hoche}{Versailles, France }{ }{2009-2011}
                                                  
? 
! Missing control sequence inserted.
<inserted text> 
                \inaccessible 
l.149 ...Hoche}{Versailles, France }{ }{2009-2011}
                                                  
? 
! Missing control sequence inserted.
<inserted text> 
                \inaccessible 
l.149 ...Hoche}{Versailles, France }{ }{2009-2011}
                                                  
? 

Overfull \hbox (27.37506pt too wide) in paragraph at lines 156--160
[]$[]$ 
 []


Overfull \hbox (27.37506pt too wide) in paragraph at lines 177--180
[]$[]$ 
 []


Overfull \hbox (27.37506pt too wide) in paragraph at lines 199--201
[]$[]$ 
 []


! LaTeX Error: \begin{itemize} on input line 136 ended by \end{document}.

See the LaTeX manual or LaTeX Companion for explanation.
Type  H <return>  for immediate help.
 ...                                              
                                                  
l.207 \end{document}
                    
? 
[2] (./cv_en_american.aux) )
(\end occurred inside a group at level 1)

### semi simple group (level 1) entered at line 136 (\begingroup)
### bottom level 
Here is how much of TeX's memory you used:
 1986 strings out of 493117
 26393 string characters out of 6135433
 105612 words of memory out of 5000000
 5481 multiletter control sequences out of 15000+600000
 8832 words of font info for 31 fonts, out of 8000000 for 9000
 1141 hyphenation exceptions out of 8191
 26i,10n,35p,316b,265s stack positions out of 5000i,500n,10000p,200000b,80000s
</usr/local/texlive/2014/texmf-dist/fonts/type1/public/amsfonts
/cm/cmbx10.pfb></usr/local/texlive/2014/texmf-dist/fonts/type1/public/amsfonts/
cm/cmbx12.pfb></usr/local/texlive/2014/texmf-dist/fonts/type1/public/amsfonts/c
m/cmmi8.pfb></usr/local/texlive/2014/texmf-dist/fonts/type1/public/amsfonts/cm/
cmr10.pfb></usr/local/texlive/2014/texmf-dist/fonts/type1/public/amsfonts/cm/cm
ssbx10.pfb></usr/local/texlive/2014/texmf-dist/fonts/type1/public/amsfonts/cm/c
msy10.pfb></usr/local/texlive/2014/texmf-dist/fonts/type1/public/amsfonts/cm/cm
ti10.pfb>
Output written on cv_en_american.pdf (2 pages, 103043 bytes).
PDF statistics:
 39 PDF objects out of 1000 (max. 8388607)
 27 compressed objects within 1 object stream
 0 named destinations out of 1000 (max. 500000)
 1 words of extra memory for PDF output out of 10000 (max. 10000000)

